<?xml version="1.0" encoding="UTF-8"?>
<!-- Generated by org.testng.reporters.JUnitReportReporter -->
<testsuite hostname="HW1000000689" failures="0" tests="3" name="tests.LoginTest" time="9.736" errors="0" timestamp="2025-07-22T11:45:45 IST" skipped="0">
  <testcase classname="tests.LoginTest" name="logoutUser" time="1.993"/>
  <system-out/>
  <testcase classname="tests.LoginTest" name="loginWithInvalidCredentials" time="3.960"/>
  <system-out/>
  <testcase classname="tests.LoginTest" name="loginWithValidCredentials" time="3.783"/>
  <system-out/>
</testsuite> <!-- tests.LoginTest -->
