<?xml version="1.0" encoding="UTF-8"?>
<!-- Generated by org.testng.reporters.JUnitReportReporter -->
<testsuite hostname="HW1000000689" failures="0" tests="4" name="tests.RegisterUserTest" time="18.922" errors="0" timestamp="2025-07-22T11:45:45 IST" skipped="0">
  <testcase classname="tests.RegisterUserTest" name="fillAndConfirmRegistrationDetails" time="6.568"/>
  <system-out/>
  <testcase classname="tests.RegisterUserTest" name="verifyLoggedInUserName" time="4.152"/>
  <system-out/>
  <testcase classname="tests.RegisterUserTest" name="signUpUser" time="5.351"/>
  <system-out/>
  <testcase classname="tests.RegisterUserTest" name="signupWithExistingEmail" time="2.851"/>
  <system-out/>
</testsuite> <!-- tests.RegisterUserTest -->
