<?xml version="1.0" encoding="UTF-8"?>
<!-- Generated by org.testng.reporters.JUnitReportReporter -->
<testsuite hostname="HW1000000689" failures="0" tests="4" name="tests.RegisterUserTest" time="44.147" errors="0" timestamp="2025-07-28T15:07:06 IST" skipped="0">
  <testcase classname="tests.RegisterUserTest" name="verifyLoggedInUserName" time="2.615"/>
  <system-out/>
  <testcase classname="tests.RegisterUserTest" name="fillAndConfirmRegistrationDetails" time="6.001"/>
  <system-out/>
  <testcase classname="tests.RegisterUserTest" name="signUpUser" time="32.747"/>
  <system-out/>
  <testcase classname="tests.RegisterUserTest" name="signupWithExistingEmail" time="2.784"/>
  <system-out/>
</testsuite> <!-- tests.RegisterUserTest -->
