<?xml version="1.0" encoding="UTF-8"?>
<!-- Generated by org.testng.reporters.JUnitReportReporter -->
<testsuite hostname="HW1000000689" failures="0" tests="4" name="tests.RegisterUserTest" time="14.682" errors="0" timestamp="2025-07-19T15:08:08 IST" skipped="0">
  <testcase classname="tests.RegisterUserTest" name="fillAndConfirmRegistrationDetails" time="6.353"/>
  <system-out/>
  <testcase classname="tests.RegisterUserTest" name="verifyLoggedInUserName" time="2.828"/>
  <system-out/>
  <testcase classname="tests.RegisterUserTest" name="signUpUser" time="2.678"/>
  <system-out/>
  <testcase classname="tests.RegisterUserTest" name="signupWithExistingEmail" time="2.823"/>
  <system-out/>
</testsuite> <!-- tests.RegisterUserTest -->
