<?xml version="1.0" encoding="UTF-8"?>
<!-- Generated by org.testng.reporters.JUnitReportReporter -->
<testsuite hostname="HW1000000689" failures="0" tests="4" name="tests.RegisterUserTest" time="12.575" errors="0" timestamp="2025-07-21T11:49:33 IST" skipped="0">
  <testcase classname="tests.RegisterUserTest" name="fillAndConfirmRegistrationDetails" time="4.639"/>
  <system-out/>
  <testcase classname="tests.RegisterUserTest" name="verifyLoggedInUserName" time="3.459"/>
  <system-out/>
  <testcase classname="tests.RegisterUserTest" name="signUpUser" time="2.407"/>
  <system-out/>
  <testcase classname="tests.RegisterUserTest" name="signupWithExistingEmail" time="2.070"/>
  <system-out/>
</testsuite> <!-- tests.RegisterUserTest -->
