<?xml version="1.0" encoding="UTF-8"?>
<!-- Generated by org.testng.reporters.JUnitReportReporter -->
<testsuite hostname="HW1000000689" failures="0" tests="3" name="tests.LoginTest" time="7.484" errors="0" timestamp="2025-07-21T11:49:33 IST" skipped="0">
  <testcase classname="tests.LoginTest" name="logoutUser" time="1.794"/>
  <system-out/>
  <testcase classname="tests.LoginTest" name="loginWithInvalidCredentials" time="2.430"/>
  <system-out/>
  <testcase classname="tests.LoginTest" name="loginWithValidCredentials" time="3.260"/>
  <system-out/>
</testsuite> <!-- tests.LoginTest -->
