<?xml version="1.0" encoding="UTF-8"?>
<!-- Generated by org.testng.reporters.JUnitReportReporter -->
<testsuite hostname="HW1000000689" failures="0" tests="3" name="tests.LoginTest" time="65.276" errors="0" timestamp="2025-07-19T15:08:08 IST" skipped="0">
  <testcase classname="tests.LoginTest" name="logoutUser" time="2.185"/>
  <system-out/>
  <testcase classname="tests.LoginTest" name="loginWithInvalidCredentials" time="3.022"/>
  <system-out/>
  <testcase classname="tests.LoginTest" name="loginWithValidCredentials" time="60.069"/>
  <system-out/>
</testsuite> <!-- tests.LoginTest -->
